TN:
SF:src\app.ts
FNF:0
FNH:0
DA:1,1
DA:2,1
DA:3,1
DA:5,1
DA:6,1
DA:7,1
DA:10,1
DA:12,1
LF:8
LH:8
BRF:0
BRH:0
end_of_record
TN:
SF:src\controllers\authController.ts
FN:9,(anonymous_1)
FN:54,(anonymous_2)
FNF:2
FNH:2
FNDA:14,(anonymous_1)
FNDA:5,(anonymous_2)
DA:2,1
DA:3,1
DA:4,1
DA:5,1
DA:7,1
DA:9,1
DA:10,14
DA:11,14
DA:13,14
DA:14,2
DA:17,12
DA:18,11
DA:19,2
DA:22,9
DA:23,2
DA:26,7
DA:28,7
DA:33,7
DA:35,6
DA:37,6
DA:46,2
DA:47,2
DA:48,1
DA:50,1
DA:54,1
DA:55,5
DA:56,5
DA:58,5
DA:60,4
DA:61,1
DA:64,3
DA:65,1
DA:68,2
DA:69,2
DA:70,1
DA:73,1
DA:75,1
DA:84,1
DA:85,1
LF:39
LH:39
BRDA:13,0,0,2
BRDA:13,0,1,12
BRDA:13,1,0,14
BRDA:13,1,1,14
BRDA:13,1,2,12
BRDA:13,1,3,12
BRDA:13,1,4,12
BRDA:13,1,5,12
BRDA:18,2,0,2
BRDA:18,2,1,9
BRDA:22,3,0,2
BRDA:22,3,1,7
BRDA:47,4,0,1
BRDA:47,4,1,1
BRDA:60,5,0,1
BRDA:60,5,1,3
BRDA:60,6,0,4
BRDA:60,6,1,4
BRDA:64,7,0,1
BRDA:64,7,1,2
BRDA:69,8,0,1
BRDA:69,8,1,1
BRF:22
BRH:22
end_of_record
TN:
SF:src\models\User.ts
FNF:0
FNH:0
DA:1,1
DA:14,1
DA:23,1
DA:25,1
LF:4
LH:4
BRF:0
BRH:0
end_of_record
TN:
SF:src\routes\authRoutes.ts
FNF:0
FNH:0
DA:1,1
DA:2,1
DA:4,1
DA:6,1
DA:7,1
DA:9,1
LF:6
LH:6
BRF:0
BRH:0
end_of_record
